Using pre-set license
Built from '2021.2/staging' branch; Version is '2021.2.11f1 (e50cafbb4399) revision 15010991'; Using compiler version '192829333'; Build Type 'Release'
OS: 'Windows 10  (10.0.19043) 64bit Professional' Language: 'en' Physical Memory: 32625 MB
BatchMode: 1, IsHumanControllingUs: 0, StartBugReporterOnCrash: 0, Is64bit: 1, IsPro: 0

COMMAND LINE ARGUMENTS:
C:\Program Files\Unity\Hub\Editor\2021.2.11f1\Editor\Unity.exe
-adb2
-batchMode
-noUpm
-name
AssetImportWorker0
-projectPath
C:/Users/Usuario/Documents/GitHub/playjam22/XQNTKayak
-logFile
Logs/AssetImportWorker0.log
-srvPort
64367
Successfully changed project path to: C:/Users/Usuario/Documents/GitHub/playjam22/XQNTKayak
C:/Users/Usuario/Documents/GitHub/playjam22/XQNTKayak
[UnityMemory] Configuration Parameters - Can be set up in boot.config
    "memorysetup-bucket-allocator-granularity=16"
    "memorysetup-bucket-allocator-bucket-count=8"
    "memorysetup-bucket-allocator-block-size=33554432"
    "memorysetup-bucket-allocator-block-count=8"
    "memorysetup-main-allocator-block-size=16777216"
    "memorysetup-thread-allocator-block-size=16777216"
    "memorysetup-gfx-main-allocator-block-size=16777216"
    "memorysetup-gfx-thread-allocator-block-size=16777216"
    "memorysetup-cache-allocator-block-size=4194304"
    "memorysetup-typetree-allocator-block-size=2097152"
    "memorysetup-profiler-bucket-allocator-granularity=16"
    "memorysetup-profiler-bucket-allocator-bucket-count=8"
    "memorysetup-profiler-bucket-allocator-block-size=33554432"
    "memorysetup-profiler-bucket-allocator-block-count=8"
    "memorysetup-profiler-allocator-block-size=16777216"
    "memorysetup-profiler-editor-allocator-block-size=1048576"
    "memorysetup-temp-allocator-size-main=16777216"
    "memorysetup-job-temp-allocator-block-size=2097152"
    "memorysetup-job-temp-allocator-block-size-background=1048576"
    "memorysetup-job-temp-allocator-reduction-small-platforms=262144"
    "memorysetup-temp-allocator-size-background-worker=32768"
    "memorysetup-temp-allocator-size-job-worker=262144"
    "memorysetup-temp-allocator-size-preload-manager=33554432"
    "memorysetup-temp-allocator-size-nav-mesh-worker=65536"
    "memorysetup-temp-allocator-size-audio-worker=65536"
    "memorysetup-temp-allocator-size-cloud-worker=32768"
    "memorysetup-temp-allocator-size-gi-baking-worker=262144"
    "memorysetup-temp-allocator-size-gfx=262144"
Refreshing native plugins compatible for Editor in 91.60 ms, found 4 plugins.
Preloading 0 native plugins for Editor in 0.00 ms.
Initialize engine version: 2021.2.11f1 (e50cafbb4399)
[Subsystems] Discovering subsystems at path C:/Program Files/Unity/Hub/Editor/2021.2.11f1/Editor/Data/Resources/UnitySubsystems
[Subsystems] Discovering subsystems at path C:/Users/Usuario/Documents/GitHub/playjam22/XQNTKayak/Assets
GfxDevice: creating device client; threaded=0; jobified=0
Direct3D:
    Version:  Direct3D 11.0 [level 11.1]
    Renderer: NVIDIA GeForce RTX 2080 (ID=0x1e87)
    Vendor:   NVIDIA
    VRAM:     8010 MB
    Driver:   30.0.15.1123
Initialize mono
Mono path[0] = 'C:/Program Files/Unity/Hub/Editor/2021.2.11f1/Editor/Data/Managed'
Mono path[1] = 'C:/Program Files/Unity/Hub/Editor/2021.2.11f1/Editor/Data/MonoBleedingEdge/lib/mono/unityjit-win32'
Mono config path = 'C:/Program Files/Unity/Hub/Editor/2021.2.11f1/Editor/Data/MonoBleedingEdge/etc'
Using monoOptions --debugger-agent=transport=dt_socket,embedding=1,server=y,suspend=n,address=127.0.0.1:56080
Begin MonoManager ReloadAssembly
Registering precompiled unity dll's ...
Register platform support module: C:/Program Files/Unity/Hub/Editor/2021.2.11f1/Editor/Data/PlaybackEngines/WindowsStandaloneSupport/UnityEditor.WindowsStandalone.Extensions.dll
Registered in 0.008142 seconds.
Native extension for WindowsStandalone target not found
Refreshing native plugins compatible for Editor in 91.24 ms, found 4 plugins.
Preloading 0 native plugins for Editor in 0.00 ms.
Mono: successfully reloaded assembly
- Completed reload, in  0.656 seconds
Domain Reload Profiling:
	ReloadAssembly (656ms)
		BeginReloadAssembly (77ms)
			ExecutionOrderSort (0ms)
			DisableScriptedObjects (0ms)
			BackupInstance (0ms)
			ReleaseScriptingObjects (0ms)
			CreateAndSetChildDomain (1ms)
		EndReloadAssembly (494ms)
			LoadAssemblies (74ms)
			RebuildTransferFunctionScriptingTraits (0ms)
			SetupTypeCache (105ms)
			ReleaseScriptCaches (0ms)
			RebuildScriptCaches (32ms)
			SetupLoadedEditorAssemblies (302ms)
				LogAssemblyErrors (0ms)
				InitializePlatformSupportModulesInManaged (16ms)
				SetLoadedEditorAssemblies (0ms)
				RefreshPlugins (91ms)
				BeforeProcessingInitializeOnLoad (2ms)
				ProcessInitializeOnLoadAttributes (145ms)
				ProcessInitializeOnLoadMethodAttributes (48ms)
				AfterProcessingInitializeOnLoad (0ms)
				EditorAssembliesLoaded (0ms)
			ExecutionOrderSort2 (0ms)
			AwakeInstancesAfterBackupRestoration (0ms)
Platform modules already initialized, skipping
Registering precompiled user dll's ...
Registered in 0.009449 seconds.
Begin MonoManager ReloadAssembly
Symbol file LoadedFromMemory doesn't match image C:\Users\Usuario\Documents\GitHub\playjam22\XQNTKayak\Library\PackageCache\com.unity.visualscripting@1.7.6\Editor\VisualScripting.Core\Dependencies\YamlDotNet\Unity.VisualScripting.YamlDotNet.dll
Symbol file LoadedFromMemory doesn't match image C:\Users\Usuario\Documents\GitHub\playjam22\XQNTKayak\Library\PackageCache\com.unity.visualscripting@1.7.6\Editor\VisualScripting.Core\Dependencies\DotNetZip\Unity.VisualScripting.IonicZip.dll
Native extension for WindowsStandalone target not found
Refreshing native plugins compatible for Editor in 93.77 ms, found 4 plugins.
Preloading 0 native plugins for Editor in 0.00 ms.
Mono: successfully reloaded assembly
- Completed reload, in  1.406 seconds
Domain Reload Profiling:
	ReloadAssembly (1407ms)
		BeginReloadAssembly (116ms)
			ExecutionOrderSort (0ms)
			DisableScriptedObjects (7ms)
			BackupInstance (0ms)
			ReleaseScriptingObjects (0ms)
			CreateAndSetChildDomain (19ms)
		EndReloadAssembly (1184ms)
			LoadAssemblies (83ms)
			RebuildTransferFunctionScriptingTraits (0ms)
			SetupTypeCache (256ms)
			ReleaseScriptCaches (1ms)
			RebuildScriptCaches (58ms)
			SetupLoadedEditorAssemblies (739ms)
				LogAssemblyErrors (0ms)
				InitializePlatformSupportModulesInManaged (12ms)
				SetLoadedEditorAssemblies (0ms)
				RefreshPlugins (94ms)
				BeforeProcessingInitializeOnLoad (106ms)
				ProcessInitializeOnLoadAttributes (484ms)
				ProcessInitializeOnLoadMethodAttributes (33ms)
				AfterProcessingInitializeOnLoad (9ms)
				EditorAssembliesLoaded (0ms)
			ExecutionOrderSort2 (0ms)
			AwakeInstancesAfterBackupRestoration (6ms)
Platform modules already initialized, skipping
========================================================================
Worker process is ready to serve import requests
Launched and connected shader compiler UnityShaderCompiler.exe after 0.07 seconds
Refreshing native plugins compatible for Editor in 0.58 ms, found 4 plugins.
Preloading 0 native plugins for Editor in 0.00 ms.
Unloading 3934 Unused Serialized files (Serialized files now loaded: 0)
Unloading 37 unused Assets / (56.0 KB). Loaded Objects now: 4389.
Memory consumption went from 147.6 MB to 147.5 MB.
Total: 4.024500 ms (FindLiveObjects: 0.347900 ms CreateObjectMapping: 0.278600 ms MarkObjects: 3.312000 ms  DeleteObjects: 0.085000 ms)

AssetImportParameters requested are different than current active one (requested -> active):
  custom:video-decoder-ogg-theora: a1e56fd34408186e4bbccfd4996cb3dc -> 
  custom:container-muxer-webm: aa71ff27fc2769a1b78a27578f13a17b -> 
  custom:container-demuxer-webm: 4f35f7cbe854078d1ac9338744f61a02 -> 
  custom:video-encoder-webm-vp8: eb34c28f22e8b96e1ab97ce403110664 -> 
  custom:video-codec-MediaFoundation-h265: 746d11721c4dcdbdad8f713fa42b33f4 -> 
  custom:audio-encoder-webm-vorbis: bf7c407c2cedff20999df2af8eb42d56 -> 
  custom:framework-win-MediaFoundation: 216162199b28c13a410421893ffa2e32 -> 
  custom:container-demuxer-ogg: 62fdf1f143b41e24485cea50d1cbac27 -> 
  custom:video-decoder-webm-vp8: 9c59270c3fd7afecdb556c50c9e8de78 -> 
  custom:audio-decoder-ogg-vorbis: bf7c407c2cedff20999df2af8eb42d56 -> 
========================================================================
Received Import Request.
  Time since last request: 4406.289035 seconds.
  path: Assets/Animation/PaddleAnimController.controller
  artifactKey: Guid(d93a3b23e7c1c7f4c8b109a90bec7f32) Importer(815301076,1909f56bfc062723c751e8b465ee728b)
Start importing Assets/Animation/PaddleAnimController.controller using Guid(d93a3b23e7c1c7f4c8b109a90bec7f32) Importer(815301076,1909f56bfc062723c751e8b465ee728b)  -> (artifact id: '8728aa4e640138cc1bafa37e8781976d') in 0.049459 seconds 
========================================================================
Received Import Request.
  Time since last request: 3.653587 seconds.
  path: Assets/Animation/PaddleMovePerform.anim
  artifactKey: Guid(8147dba73bf972841b06b84968f78935) Importer(815301076,1909f56bfc062723c751e8b465ee728b)
Start importing Assets/Animation/PaddleMovePerform.anim using Guid(8147dba73bf972841b06b84968f78935) Importer(815301076,1909f56bfc062723c751e8b465ee728b)  -> (artifact id: '337cc752d0039d2411823389a9db11b7') in 0.006761 seconds 
========================================================================
Received Import Request.
  Time since last request: 2.461723 seconds.
  path: Assets/Animation/PaddleMoveStart.anim
  artifactKey: Guid(0f2573c0f2bc4cc4e888d73e5104b6c8) Importer(815301076,1909f56bfc062723c751e8b465ee728b)
Start importing Assets/Animation/PaddleMoveStart.anim using Guid(0f2573c0f2bc4cc4e888d73e5104b6c8) Importer(815301076,1909f56bfc062723c751e8b465ee728b)  -> (artifact id: 'd3d091a1c6ed5137273fc0a5fd898a14') in 0.005979 seconds 
========================================================================
Received Import Request.
  Time since last request: 42.805743 seconds.
  path: Assets/Prefabs/Boat.prefab
  artifactKey: Guid(d13c24d89778a704da407cf355f3b3c0) Importer(815301076,1909f56bfc062723c751e8b465ee728b)
Start importing Assets/Prefabs/Boat.prefab using Guid(d13c24d89778a704da407cf355f3b3c0) Importer(815301076,1909f56bfc062723c751e8b465ee728b)  -> (artifact id: 'dd20508236ff6046782f6f485e6f1d77') in 0.093873 seconds 
========================================================================
Received Import Request.
  Time since last request: 3.518013 seconds.
  path: Assets/Prefabs/Paddle.prefab
  artifactKey: Guid(b0247229374c9fe4f884e823c2532444) Importer(815301076,1909f56bfc062723c751e8b465ee728b)
Start importing Assets/Prefabs/Paddle.prefab using Guid(b0247229374c9fe4f884e823c2532444) Importer(815301076,1909f56bfc062723c751e8b465ee728b)  -> (artifact id: 'bad2d80be6d8f1d05b3f04e1254840bd') in 0.012379 seconds 
========================================================================
Received Import Request.
  Time since last request: 75.790814 seconds.
  path: Assets/Textures/Utils
  artifactKey: Guid(f584dddd68b0b6e449fc463de3f2e09b) Importer(815301076,1909f56bfc062723c751e8b465ee728b)
Start importing Assets/Textures/Utils using Guid(f584dddd68b0b6e449fc463de3f2e09b) Importer(815301076,1909f56bfc062723c751e8b465ee728b)  -> (artifact id: 'e0cc33c9a547321d5f1fdcc81b6466d1') in 0.004902 seconds 
========================================================================
Received Import Request.
  Time since last request: 3.142339 seconds.
  path: Assets/Textures/Utils/black_square.png
  artifactKey: Guid(bb5c9ae87ac56be4b95d2c3bd32a4e10) Importer(815301076,1909f56bfc062723c751e8b465ee728b)
Start importing Assets/Textures/Utils/black_square.png using Guid(bb5c9ae87ac56be4b95d2c3bd32a4e10) Importer(815301076,1909f56bfc062723c751e8b465ee728b)  -> (artifact id: '5c48b8ccc50b3fecfb70913527330aa2') in 0.059914 seconds 
========================================================================
Received Import Request.
  Time since last request: 0.483055 seconds.
  path: Assets/Textures/Utils/Circle.png
  artifactKey: Guid(2ba0ad3a00a4a464da38b1b5b7a67956) Importer(815301076,1909f56bfc062723c751e8b465ee728b)
Start importing Assets/Textures/Utils/Circle.png using Guid(2ba0ad3a00a4a464da38b1b5b7a67956) Importer(815301076,1909f56bfc062723c751e8b465ee728b)  -> (artifact id: 'ec5069674d3f8bdb2b1408eba26e9fc0') in 0.026575 seconds 
========================================================================
Received Import Request.
  Time since last request: 1.112758 seconds.
  path: Assets/Textures/Utils/circle512gap.png
  artifactKey: Guid(1cf246f70346ed74e9ef1915779c1f76) Importer(815301076,1909f56bfc062723c751e8b465ee728b)
Start importing Assets/Textures/Utils/circle512gap.png using Guid(1cf246f70346ed74e9ef1915779c1f76) Importer(815301076,1909f56bfc062723c751e8b465ee728b)  -> (artifact id: 'a3ddda4d3173b3bcff0848856ab40a13') in 0.020705 seconds 
========================================================================
Received Import Request.
  Time since last request: 0.942244 seconds.
  path: Assets/Textures/Utils/circle_12_border.png
  artifactKey: Guid(da00ef5c006fcd34ebc771d7d4c6d403) Importer(815301076,1909f56bfc062723c751e8b465ee728b)
Start importing Assets/Textures/Utils/circle_12_border.png using Guid(da00ef5c006fcd34ebc771d7d4c6d403) Importer(815301076,1909f56bfc062723c751e8b465ee728b)  -> (artifact id: 'dbebba77db13961e71ded803da0de02b') in 0.015510 seconds 
========================================================================
Received Import Request.
  Time since last request: 2.119680 seconds.
  path: Assets/Textures/Utils/WhiteSquare.png
  artifactKey: Guid(1059f1d97df132847ae681ab593c4217) Importer(815301076,1909f56bfc062723c751e8b465ee728b)
Start importing Assets/Textures/Utils/WhiteSquare.png using Guid(1059f1d97df132847ae681ab593c4217) Importer(815301076,1909f56bfc062723c751e8b465ee728b)  -> (artifact id: 'f751be1daf135e64ac60438e1f38b1a9') in 0.012252 seconds 
========================================================================
Received Import Request.
  Time since last request: 0.333176 seconds.
  path: Assets/Textures/Utils/triangle.png
  artifactKey: Guid(a7be48ca87286ae43b621489292478fb) Importer(815301076,1909f56bfc062723c751e8b465ee728b)
Start importing Assets/Textures/Utils/triangle.png using Guid(a7be48ca87286ae43b621489292478fb) Importer(815301076,1909f56bfc062723c751e8b465ee728b)  -> (artifact id: '0d11d4ccb0c579c80dabb0b56f004a18') in 0.013514 seconds 
========================================================================
Received Import Request.
  Time since last request: 0.314352 seconds.
  path: Assets/Textures/Utils/square_border_r.png
  artifactKey: Guid(697e8cd271bff51449be341e37b78ac4) Importer(815301076,1909f56bfc062723c751e8b465ee728b)
Start importing Assets/Textures/Utils/square_border_r.png using Guid(697e8cd271bff51449be341e37b78ac4) Importer(815301076,1909f56bfc062723c751e8b465ee728b)  -> (artifact id: '0290059b3eec18ed570e34fc1c00ecde') in 0.011903 seconds 
========================================================================
Received Import Request.
  Time since last request: 0.394233 seconds.
  path: Assets/Textures/Utils/sq_rnd15_border_fill.png
  artifactKey: Guid(2f43476555df41d4dbf97223f35858ea) Importer(815301076,1909f56bfc062723c751e8b465ee728b)
Start importing Assets/Textures/Utils/sq_rnd15_border_fill.png using Guid(2f43476555df41d4dbf97223f35858ea) Importer(815301076,1909f56bfc062723c751e8b465ee728b)  -> (artifact id: '4c6b920c2a28c60687896ac0fc91e0cb') in 0.011687 seconds 
========================================================================
Received Import Request.
  Time since last request: 6.113727 seconds.
  path: Assets/Scenes/BoatGym.unity
  artifactKey: Guid(3cdb6aff02f3701429879814df2c4132) Importer(815301076,1909f56bfc062723c751e8b465ee728b)
Start importing Assets/Scenes/BoatGym.unity using Guid(3cdb6aff02f3701429879814df2c4132) Importer(815301076,1909f56bfc062723c751e8b465ee728b)  -> (artifact id: 'eac488af621aa4e17f16c04fd66ac2a9') in 0.004949 seconds 
========================================================================
Received Import Request.
  Time since last request: 5.663270 seconds.
  path: Assets/Scenes/SampleScene.unity
  artifactKey: Guid(2cda990e2423bbf4892e6590ba056729) Importer(815301076,1909f56bfc062723c751e8b465ee728b)
Start importing Assets/Scenes/SampleScene.unity using Guid(2cda990e2423bbf4892e6590ba056729) Importer(815301076,1909f56bfc062723c751e8b465ee728b)  -> (artifact id: '5ea9e2082b4475d0a18d090784697f8e') in 0.005239 seconds 
========================================================================
Received Import Request.
  Time since last request: 2.855877 seconds.
  path: Assets/Scenes/ScenarioTest.unity
  artifactKey: Guid(73c3e0b870c7e6a45af65b878960f082) Importer(815301076,1909f56bfc062723c751e8b465ee728b)
Start importing Assets/Scenes/ScenarioTest.unity using Guid(73c3e0b870c7e6a45af65b878960f082) Importer(815301076,1909f56bfc062723c751e8b465ee728b)  -> (artifact id: 'cd1fdfaffdd631af96fcc6e487a5ba9d') in 0.005504 seconds 
========================================================================
Received Import Request.
  Time since last request: 8.821078 seconds.
  path: Assets/Textures
  artifactKey: Guid(c9b390187d828484391692f38ac3e983) Importer(815301076,1909f56bfc062723c751e8b465ee728b)
Start importing Assets/Textures using Guid(c9b390187d828484391692f38ac3e983) Importer(815301076,1909f56bfc062723c751e8b465ee728b)  -> (artifact id: '53ff2f02bece2a35767352de76056b34') in 0.005268 seconds 
========================================================================
Received Import Request.
  Time since last request: 45.290064 seconds.
  path: Assets/Textures/Utils/Empty.png
  artifactKey: Guid(1ee8399cc2cf6fe47a139ea77438e51d) Importer(815301076,1909f56bfc062723c751e8b465ee728b)
Start importing Assets/Textures/Utils/Empty.png using Guid(1ee8399cc2cf6fe47a139ea77438e51d) Importer(815301076,1909f56bfc062723c751e8b465ee728b)  -> (artifact id: 'ebaba211687551700191a4371b53f78e') in 0.009796 seconds 
========================================================================
Received Import Request.
  Time since last request: 1.472739 seconds.
  path: Assets/Textures/Utils/RoundCornersFilled.png
  artifactKey: Guid(f111c82c8f44ce34ebaab3bb775272fb) Importer(815301076,1909f56bfc062723c751e8b465ee728b)
Start importing Assets/Textures/Utils/RoundCornersFilled.png using Guid(f111c82c8f44ce34ebaab3bb775272fb) Importer(815301076,1909f56bfc062723c751e8b465ee728b)  -> (artifact id: 'ead635a1a1c53c452cc8309e71bf5ac0') in 0.013534 seconds 
========================================================================
Received Import Request.
  Time since last request: 0.446322 seconds.
  path: Assets/Textures/Utils/RoundedCorners10Filled.png
  artifactKey: Guid(1d8e0cd7032b2ec41bc3dd1fd4c5657f) Importer(815301076,1909f56bfc062723c751e8b465ee728b)
Start importing Assets/Textures/Utils/RoundedCorners10Filled.png using Guid(1d8e0cd7032b2ec41bc3dd1fd4c5657f) Importer(815301076,1909f56bfc062723c751e8b465ee728b)  -> (artifact id: 'a0c4e89d5c4b77f932294ff2192709f2') in 0.012550 seconds 
========================================================================
Received Import Request.
  Time since last request: 1.133035 seconds.
  path: Assets/Textures/Utils/RoundedCorners10Stroke2.png
  artifactKey: Guid(015c20ebb94d1eb4f8791ccbbd0697f7) Importer(815301076,1909f56bfc062723c751e8b465ee728b)
Start importing Assets/Textures/Utils/RoundedCorners10Stroke2.png using Guid(015c20ebb94d1eb4f8791ccbbd0697f7) Importer(815301076,1909f56bfc062723c751e8b465ee728b)  -> (artifact id: 'dae4768a41d42248f4f4132cad855c70') in 0.009175 seconds 
========================================================================
Received Import Request.
  Time since last request: 0.345630 seconds.
  path: Assets/Textures/Utils/RoundedCorners10Stroke5.png
  artifactKey: Guid(5204ae6d0e6bbb84292640a96b825865) Importer(815301076,1909f56bfc062723c751e8b465ee728b)
Start importing Assets/Textures/Utils/RoundedCorners10Stroke5.png using Guid(5204ae6d0e6bbb84292640a96b825865) Importer(815301076,1909f56bfc062723c751e8b465ee728b)  -> (artifact id: '56d3a5b132ae9ab9889386a4c4b16866') in 0.008835 seconds 
========================================================================
Received Import Request.
  Time since last request: 0.282315 seconds.
  path: Assets/Textures/Utils/RoundedCorners20Filled.png
  artifactKey: Guid(93e7756e488419d45b26b6fe72403039) Importer(815301076,1909f56bfc062723c751e8b465ee728b)
Start importing Assets/Textures/Utils/RoundedCorners20Filled.png using Guid(93e7756e488419d45b26b6fe72403039) Importer(815301076,1909f56bfc062723c751e8b465ee728b)  -> (artifact id: 'e36a61606fa9f22689ed0bdb34361e28') in 0.009341 seconds 
========================================================================
Received Import Request.
  Time since last request: 0.304399 seconds.
  path: Assets/Textures/Utils/sq_rnd10_border_2.png
  artifactKey: Guid(84dd47c0738526b4a8023bfeed544a34) Importer(815301076,1909f56bfc062723c751e8b465ee728b)
Start importing Assets/Textures/Utils/sq_rnd10_border_2.png using Guid(84dd47c0738526b4a8023bfeed544a34) Importer(815301076,1909f56bfc062723c751e8b465ee728b)  -> (artifact id: 'e35aedb8efdba02abf02467820944b9c') in 0.014480 seconds 
========================================================================
Received Import Request.
  Time since last request: 15.202335 seconds.
  path: Assets/Materials
  artifactKey: Guid(1668b063d010b7247b7f713240e1958e) Importer(815301076,1909f56bfc062723c751e8b465ee728b)
Start importing Assets/Materials using Guid(1668b063d010b7247b7f713240e1958e) Importer(815301076,1909f56bfc062723c751e8b465ee728b)  -> (artifact id: '97b3580d13d8a3273f0af1c799dc7c5f') in 0.004649 seconds 
========================================================================
Received Import Request.
  Time since last request: 243.560787 seconds.
  path: Assets/Textures/Utils/square_border.png
  artifactKey: Guid(67d7fd1cf36df5e40b801732e32b0e9e) Importer(815301076,1909f56bfc062723c751e8b465ee728b)
Start importing Assets/Textures/Utils/square_border.png using Guid(67d7fd1cf36df5e40b801732e32b0e9e) Importer(815301076,1909f56bfc062723c751e8b465ee728b)  -> (artifact id: '304d0b33bc998bd95446ad64abcc8fe2') in 0.013103 seconds 
========================================================================
Received Import Request.
  Time since last request: 0.833927 seconds.
  path: Assets/Textures/Utils/sq_rnd10_border_fill.png
  artifactKey: Guid(7dd751e84404fd543b88d485d505896a) Importer(815301076,1909f56bfc062723c751e8b465ee728b)
Start importing Assets/Textures/Utils/sq_rnd10_border_fill.png using Guid(7dd751e84404fd543b88d485d505896a) Importer(815301076,1909f56bfc062723c751e8b465ee728b)  -> (artifact id: '3d11e54c09dbe8540a179554be93b2a4') in 0.012767 seconds 
========================================================================
Received Import Request.
  Time since last request: 1.073444 seconds.
  path: Assets/Textures/Utils/sq_rnd10_border_8.png
  artifactKey: Guid(8e09d713f8f340642ac29bba75135d08) Importer(815301076,1909f56bfc062723c751e8b465ee728b)
Start importing Assets/Textures/Utils/sq_rnd10_border_8.png using Guid(8e09d713f8f340642ac29bba75135d08) Importer(815301076,1909f56bfc062723c751e8b465ee728b)  -> (artifact id: '914d8dd76f9207b94440a771ffd9698b') in 0.012939 seconds 
========================================================================
Received Import Request.
  Time since last request: 0.533490 seconds.
  path: Assets/Textures/Utils/sq_rnd10_border_4.png
  artifactKey: Guid(05f34163eb53a834ebfb0dfcd311f7e3) Importer(815301076,1909f56bfc062723c751e8b465ee728b)
Start importing Assets/Textures/Utils/sq_rnd10_border_4.png using Guid(05f34163eb53a834ebfb0dfcd311f7e3) Importer(815301076,1909f56bfc062723c751e8b465ee728b)  -> (artifact id: '35880e75af0d3ec2b3dabed50b8d210b') in 0.012389 seconds 
========================================================================
Received Import Request.
  Time since last request: 175.279917 seconds.
  path: Assets/Textures/Utils/WhiteSquare.png
  artifactKey: Guid(1059f1d97df132847ae681ab593c4217) Importer(815301076,1909f56bfc062723c751e8b465ee728b)
Start importing Assets/Textures/Utils/WhiteSquare.png using Guid(1059f1d97df132847ae681ab593c4217) Importer(815301076,1909f56bfc062723c751e8b465ee728b)  -> (artifact id: 'd560e7a8672ff71771c7c7a1fca5a01f') in 0.013329 seconds 
========================================================================
Received Import Request.
  Time since last request: 62.760038 seconds.
  path: Assets/Textures/Utils/sq_rnd15_border_4.png
  artifactKey: Guid(18144b637c551474eae42995c8c4c756) Importer(815301076,1909f56bfc062723c751e8b465ee728b)
Start importing Assets/Textures/Utils/sq_rnd15_border_4.png using Guid(18144b637c551474eae42995c8c4c756) Importer(815301076,1909f56bfc062723c751e8b465ee728b)  -> (artifact id: '794bde36d8e15539308ade6284cc3758') in 0.013676 seconds 
========================================================================
Received Import Request.
  Time since last request: 151.261329 seconds.
  path: Assets/Prefabs
  artifactKey: Guid(5a55d767b13018e46aa1f5398a69d62a) Importer(815301076,1909f56bfc062723c751e8b465ee728b)
Start importing Assets/Prefabs using Guid(5a55d767b13018e46aa1f5398a69d62a) Importer(815301076,1909f56bfc062723c751e8b465ee728b)  -> (artifact id: '28c63777bcc665488bf3bd1e6080ec69') in 0.005445 seconds 
========================================================================
Received Import Request.
  Time since last request: 4.975014 seconds.
  path: Assets/Textures/Utils/kayak.png
  artifactKey: Guid(e37b429e43c8c384a8c63602c361c8e8) Importer(815301076,1909f56bfc062723c751e8b465ee728b)
Start importing Assets/Textures/Utils/kayak.png using Guid(e37b429e43c8c384a8c63602c361c8e8) Importer(815301076,1909f56bfc062723c751e8b465ee728b)  -> (artifact id: 'fc547d63fd4ccd12185e1375879a1e6a') in 0.052564 seconds 
